+ module list
++ /opt/modules/3.2.6.7/bin/modulecmd bash list
Currently Loaded Modulefiles:
  1) modules/3.2.6.7
  2) eswrap/1.3.3-1.020200.1278.0
  3) switch/1.0-1.0502.57058.1.58.ari
  4) craype-network-aries
  5) ncep/1.0
  6) craype-haswell
  7) xt-lsfhpc/9.1.3
  8) craype/2.3.0
  9) intel/15.0.3.187
 10) cray-libsci/13.0.3
 11) udreg/2.3.2-1.0502.9889.2.20.ari
 12) ugni/6.0-1.0502.10245.9.9.ari
 13) pmi/5.0.6-1.0000.10439.140.2.ari
 14) dmapp/7.0.1-1.0502.10246.8.47.ari
 15) gni-headers/4.0-1.0502.10317.9.2.ari
 16) xpmem/0.1-2.0502.57015.1.15.ari
 17) dvs/2.5_0.9.0-1.0502.1958.2.55.ari
 18) alps/5.2.3-2.0502.9295.14.14.ari
 19) rca/1.0.0-2.0502.57212.2.56.ari
 20) atp/1.8.1
 21) PrgEnv-intel/5.2.56
 22) modulefile_test_intel
+ eval
+ '[' -f make.bacio ']'
+ rm -f make.bacio
+ '[' -f bacio.o ']'
+ cat
+ case ${COMP:?} in
+ export FCMP=ftn
+ FCMP=ftn
+ export CCMP=cc
+ CCMP=cc
+ flagOpt='-O3 -axCore-AVX2'
+ flag64bit='-i8 -r8'
+ export LIB=../intel/libbacio_4.a
+ LIB=../intel/libbacio_4.a
++ dirname ../intel/libbacio_4.a
+ mkdir -p ../intel
+ export 'FFLAGS= -O3 -axCore-AVX2'
+ FFLAGS=' -O3 -axCore-AVX2'
+ export 'AFLAGS= '
+ AFLAGS=' '
+ export 'CFLAGS= -O3 -axCore-AVX2 -DUNDERSCORE -DLINUX'
+ CFLAGS=' -O3 -axCore-AVX2 -DUNDERSCORE -DLINUX'
+ make -f make.bacio
cc -c  -O3 -axCore-AVX2 -DUNDERSCORE -DLINUX bacio.c
ar -rv   ../intel/libbacio_4.a bacio.o
ar: creating ../intel/libbacio_4.a
a - bacio.o
ftn -c  -O3 -axCore-AVX2 baciof.f
ar -rv   ../intel/libbacio_4.a baciof.o 
a - baciof.o
ftn -c  -O3 -axCore-AVX2 bafrio.f
ar -rv   ../intel/libbacio_4.a bafrio.o 
a - bafrio.o
cc -c  -O3 -axCore-AVX2 -DUNDERSCORE -DLINUX byteswap.c
byteswap.c(9): warning #47: incompatible redefinition of macro "LINUX"
  #define LINUX
          ^

ar -rv   ../intel/libbacio_4.a byteswap.o
a - byteswap.o
ftn -c  -O3 -axCore-AVX2 chk_endianc.f
ar -rv   ../intel/libbacio_4.a chk_endianc.o
a - chk_endianc.o
rm -f baciof.o bafrio.o bacio.o *.mod byteswap.o chk_endianc.o
+ export LIB=../intel/libbacio_8.a
+ LIB=../intel/libbacio_8.a
++ dirname ../intel/libbacio_8.a
+ mkdir -p ../intel
+ export 'FFLAGS= -O3 -axCore-AVX2 -i8 -r8'
+ FFLAGS=' -O3 -axCore-AVX2 -i8 -r8'
+ export 'AFLAGS= '
+ AFLAGS=' '
+ export 'CFLAGS= -O3 -axCore-AVX2 -DUNDERSCORE -DLINUX'
+ CFLAGS=' -O3 -axCore-AVX2 -DUNDERSCORE -DLINUX'
+ make -f make.bacio
cc -c  -O3 -axCore-AVX2 -DUNDERSCORE -DLINUX bacio.c
ar -rv   ../intel/libbacio_8.a bacio.o
ar: creating ../intel/libbacio_8.a
a - bacio.o
ftn -c  -O3 -axCore-AVX2 -i8 -r8 baciof.f
ar -rv   ../intel/libbacio_8.a baciof.o 
a - baciof.o
ftn -c  -O3 -axCore-AVX2 -i8 -r8 bafrio.f
ar -rv   ../intel/libbacio_8.a bafrio.o 
a - bafrio.o
cc -c  -O3 -axCore-AVX2 -DUNDERSCORE -DLINUX byteswap.c
byteswap.c(9): warning #47: incompatible redefinition of macro "LINUX"
  #define LINUX
          ^

ar -rv   ../intel/libbacio_8.a byteswap.o
a - byteswap.o
ftn -c  -O3 -axCore-AVX2 -i8 -r8 chk_endianc.f
ar -rv   ../intel/libbacio_8.a chk_endianc.o
a - chk_endianc.o
rm -f baciof.o bafrio.o bacio.o *.mod byteswap.o chk_endianc.o
